<?xml version="1.0" encoding="UTF-8"?>
<testng-results skipped="0" failed="0" ignored="0" total="1" passed="1">
  <reporter-output>
  </reporter-output>
  <suite name="Suite" duration-ms="13534" started-at="2018-12-24T06:17:12Z" finished-at="2018-12-24T06:17:25Z">
    <groups>
    </groups>
    <test name="Test" duration-ms="13534" started-at="2018-12-24T06:17:12Z" finished-at="2018-12-24T06:17:25Z">
      <class name="com.qa.test.Cam">
        <test-method status="PASS" signature="beforeClass()[pri:0, instance:com.qa.test.Cam@3796751b]" name="beforeClass" is-config="true" duration-ms="10305" started-at="2018-12-24T06:17:12Z" finished-at="2018-12-24T06:17:22Z">
          <reporter-output>
          </reporter-output>
        </test-method> <!-- beforeClass -->
        <test-method status="PASS" signature="Login()[pri:0, instance:com.qa.test.Cam@3796751b]" name="Login" duration-ms="2513" started-at="2018-12-24T06:17:22Z" finished-at="2018-12-24T06:17:25Z">
          <reporter-output>
          </reporter-output>
        </test-method> <!-- Login -->
        <test-method status="PASS" signature="Teardown()[pri:0, instance:com.qa.test.Cam@3796751b]" name="Teardown" is-config="true" duration-ms="701" started-at="2018-12-24T06:17:25Z" finished-at="2018-12-24T06:17:25Z">
          <reporter-output>
          </reporter-output>
        </test-method> <!-- Teardown -->
      </class> <!-- com.qa.test.Cam -->
    </test> <!-- Test -->
  </suite> <!-- Suite -->
</testng-results>
